<?xml version="1.0" encoding="UTF-8"?>
<testsuites>
  <testsuite name="run_tests" tests="11" assertions="10" failures="10" errors="1" time="46.961397">
    <testsuite name="built_tests\Form_149c104a80fe988f4785b6b02bf41090Test" file="/var/www/html/MEINEKE_GENERATE_TEST_CLASSES/built_tests/Form_149c104a80fe988f4785b6b02bf41090Test.php" tests="1" assertions="1" failures="1" errors="0" time="3.000050">
      <testcase name="testValidFormSubmission" class="built_tests\Form_149c104a80fe988f4785b6b02bf41090Test" file="/var/www/html/MEINEKE_GENERATE_TEST_CLASSES/built_tests/Form_149c104a80fe988f4785b6b02bf41090Test.php" line="74" assertions="1" time="3.000050">
        <failure type="PHPUnit_Framework_ExpectationFailedException">built_tests\Form_149c104a80fe988f4785b6b02bf41090Test::testValidFormSubmission
Failed asserting that two strings are equal.
--- Expected
+++ Actual
@@ @@
-'Everything is Good!'
+'SIGN IN
+Not Registered?
+
+Find
+SUBMIT
+Locate me
+BOOK NOW
+TODAY
+09/21
+THURSDAY
+09/22
+FRIDAY
+09/23
+SATURDAY
+09/24
+MORE
+
+
+COUPONS
+SERVICES
+LOCATIONS
+(CURRENT)
+REWARDS
+ABOUT
+FRANCHISE OPPORTUNITIES
+CUSTOMER SERVICE
+  MEINEKE ABOUT FLEET SERVICES
+Fleet Services
+What Makes Meineke the Smart Choice for Your Fleet?
+Meineke has put together an entire package of repair and preventative maintenance services, specializing in quick, timely repairs to minimize down time.
+Fleet Benefits
+Convenient Hours
+Extended hours available in many cases.
+Preventative Car Care
+Get better fuel economy and minimize downtime.
+Pick Up &amp; Drop Off
+Available in most cases for your convenience!
+Corporate Oversight
+Enjoy a single point of contact and the peace of mind.
+Financing &amp; Payment
+Simple and quick processing. Centralized billing makes life easier.
+Towing Available
+Available in most cases.
+Employee Benefits
+Additional savings on personal vehicles as an added benefit.
+Safety Inspections
+Highly trained, experienced technicians.
+Towing Available
+Available in most cases.
+Online Scheduling
+Easy, quick online scheduling.
+Interested in becoming a fleet customer?
+Use our contact form and tell us about your fleet service needs. Find out where you can bring your fleet at one of our locations here.
+I Want To Provide More Detailed Info About My Fleet.
+  SUBMIT
+Existing fleet account holder?
+Email the Meineke fleet accounts department with your questions regarding invoicing, service pricing, business with smaller fleets, or franchise questions.
+LOCATIONS
+COUPONS
+SERVICES
+ABOUT
+Aeroplan
+Rewards
+Fleet Services
+Roadside Assistance
+Meineke Careers
+Meineke International
+Sitemap
+COMMUNITY
+Meineke Blog
+Franchise Opportunities
+A Driven Brands Company
+CONNECT WITH MEINEKE!
+PRIVACY POLICY
+A FAMILY OF DRIVEN BRANDS'

/var/www/html/MEINEKE_GENERATE_TEST_CLASSES/built_tests/Form_149c104a80fe988f4785b6b02bf41090Test.php:79
</failure>
      </testcase>
    </testsuite>
    <testsuite name="built_tests\Form_193fdc35e4fc3e598666a93507676f32Test" file="/var/www/html/MEINEKE_GENERATE_TEST_CLASSES/built_tests/Form_193fdc35e4fc3e598666a93507676f32Test.php" tests="1" assertions="1" failures="1" errors="0" time="4.101041">
      <testcase name="testValidFormSubmission" class="built_tests\Form_193fdc35e4fc3e598666a93507676f32Test" file="/var/www/html/MEINEKE_GENERATE_TEST_CLASSES/built_tests/Form_193fdc35e4fc3e598666a93507676f32Test.php" line="86" assertions="1" time="4.101041">
        <failure type="PHPUnit_Framework_ExpectationFailedException">built_tests\Form_193fdc35e4fc3e598666a93507676f32Test::testValidFormSubmission
Failed asserting that two strings are equal.
--- Expected
+++ Actual
@@ @@
-'Everything is Good!'
+'SIGN IN
+Not Registered?
+
+Find
+SUBMIT
+Locate me
+BOOK NOW
+TODAY
+09/21
+THURSDAY
+09/22
+FRIDAY
+09/23
+SATURDAY
+09/24
+MORE
+
+
+COUPONS
+SERVICES
+LOCATIONS
+(CURRENT)
+REWARDS
+ABOUT
+FRANCHISE OPPORTUNITIES
+CUSTOMER SERVICE
+MEINEKE ABOUT REAL ESTATE
+Automotive Repair Real Estate Wanted
+Do you think you know the perfect spot for the next Meineke? Meineke Car Care Centres, Inc. is expanding throughout North America, and we are always looking for prospective locations. We will consider existing auto repair shops, buildings for conversions, multi-tenant sites and build-to-suit-sites. All sites must be zoned for automotive repair. Below is a list of some of the Meineke Car Care Centre site criteria.
+Good visibility and high traffic count (+20,000 AADT)
+Parking available for 15 cars
+Shop sizes approximately 900 - 1500 meters
+Ceiling height of 4 meters clear
+Facility able to accommodate 5 or more bays with adequate storage and work areas
+If you think you know where the next Meineke franchise should be, please contact us by filling out the form below.
+Location information
+Location state is required.
+Province *
+  Country *
+  DATE AVAILABLE
+/
+/
+Deal type
+  Zoned for auto *
+  Contact information
+SUBMIT
+LOCATIONS
+COUPONS
+SERVICES
+ABOUT
+Aeroplan
+Rewards
+Fleet Services
+Roadside Assistance
+Meineke Careers
+Meineke International
+Sitemap
+COMMUNITY
+Meineke Blog
+Franchise Opportunities
+A Driven Brands Company
+CONNECT WITH MEINEKE!
+PRIVACY POLICY
+A FAMILY OF DRIVEN BRANDS'

/var/www/html/MEINEKE_GENERATE_TEST_CLASSES/built_tests/Form_193fdc35e4fc3e598666a93507676f32Test.php:91
</failure>
      </testcase>
    </testsuite>
    <testsuite name="built_tests\Form_59ce1c48d625127a027934000b517e98Test" file="/var/www/html/MEINEKE_GENERATE_TEST_CLASSES/built_tests/Form_59ce1c48d625127a027934000b517e98Test.php" tests="1" assertions="1" failures="1" errors="0" time="2.522017">
      <testcase name="testValidFormSubmission" class="built_tests\Form_59ce1c48d625127a027934000b517e98Test" file="/var/www/html/MEINEKE_GENERATE_TEST_CLASSES/built_tests/Form_59ce1c48d625127a027934000b517e98Test.php" line="78" assertions="1" time="2.522017">
        <failure type="PHPUnit_Framework_ExpectationFailedException">built_tests\Form_59ce1c48d625127a027934000b517e98Test::testValidFormSubmission
Failed asserting that two strings are equal.
--- Expected
+++ Actual
@@ @@
-'Everything is Good!'
+'SIGN IN
+Not Registered?
+
+Find
+SUBMIT
+Locate me
+BOOK NOW
+TODAY
+09/21
+THURSDAY
+09/22
+FRIDAY
+09/23
+SATURDAY
+09/24
+MORE
+
+
+COUPONS
+SERVICES
+LOCATIONS
+(CURRENT)
+REWARDS
+ABOUT
+FRANCHISE OPPORTUNITIES
+CUSTOMER SERVICE
+MEINEKE CAREERS GENERAL SERVICE/OTHER
+General Service/Other
+Looking to get your feet wet in a quality automotive car care centre? From administrative to technical tasks, each and every Meineke location has a variety of jobs that need to be performed in order to support day-to-day operations. We also offer training and learning opportunities in case you’d like to learn more about automotive aftercare. Whether you want to get your hands dirty or interact with customers every day, Meineke has a place for you.
+FROM OUR EMPLOYEES
+I have a very hectic family schedule and when I came to work at Meineke, they were nothing but accommodating and were happy to work around my crazy schedule.
+- Scott S., Manager
+APPLICATION
+FILTER BY PROVINCE*
+FILTER BY CITY*
+FILTER BY CENTRE
+General Service/Other
+  Attach Resume*
+*Only PDF files are supported.
+  SUBMIT
+LOCATIONS
+COUPONS
+SERVICES
+ABOUT
+Aeroplan
+Rewards
+Fleet Services
+Roadside Assistance
+Meineke Careers
+Meineke International
+Sitemap
+COMMUNITY
+Meineke Blog
+Franchise Opportunities
+A Driven Brands Company
+CONNECT WITH MEINEKE!
+PRIVACY POLICY
+A FAMILY OF DRIVEN BRANDS'

/var/www/html/MEINEKE_GENERATE_TEST_CLASSES/built_tests/Form_59ce1c48d625127a027934000b517e98Test.php:83
</failure>
      </testcase>
    </testsuite>
    <testsuite name="built_tests\Form_7644365387afdc284b491156e1113467Test" file="/var/www/html/MEINEKE_GENERATE_TEST_CLASSES/built_tests/Form_7644365387afdc284b491156e1113467Test.php" tests="1" assertions="1" failures="1" errors="0" time="6.670991">
      <testcase name="testValidFormSubmission" class="built_tests\Form_7644365387afdc284b491156e1113467Test" file="/var/www/html/MEINEKE_GENERATE_TEST_CLASSES/built_tests/Form_7644365387afdc284b491156e1113467Test.php" line="78" assertions="1" time="6.670991">
        <failure type="PHPUnit_Framework_ExpectationFailedException">built_tests\Form_7644365387afdc284b491156e1113467Test::testValidFormSubmission
Failed asserting that two strings are equal.
--- Expected
+++ Actual
@@ @@
-'Everything is Good!'
+'SIGN IN
+Not Registered?
+
+Find
+SUBMIT
+Locate me
+BOOK NOW
+TODAY
+09/21
+THURSDAY
+09/22
+FRIDAY
+09/23
+SATURDAY
+09/24
+MORE
+
+
+COUPONS
+SERVICES
+LOCATIONS
+(CURRENT)
+REWARDS
+ABOUT
+FRANCHISE OPPORTUNITIES
+CUSTOMER SERVICE
+Account Confirmation
+Please check your email in order to confirm your account.
+RESEND ACTIVATION EMAIL
+LOCATIONS
+COUPONS
+SERVICES
+ABOUT
+Aeroplan
+Rewards
+Fleet Services
+Roadside Assistance
+Meineke Careers
+Meineke International
+Sitemap
+COMMUNITY
+Meineke Blog
+Franchise Opportunities
+A Driven Brands Company
+CONNECT WITH MEINEKE!
+PRIVACY POLICY
+A FAMILY OF DRIVEN BRANDS'

/var/www/html/MEINEKE_GENERATE_TEST_CLASSES/built_tests/Form_7644365387afdc284b491156e1113467Test.php:83
</failure>
      </testcase>
    </testsuite>
    <testsuite name="built_tests\Form_7be52c6a8c9e0d5ac04754e92d1d31c0Test" file="/var/www/html/MEINEKE_GENERATE_TEST_CLASSES/built_tests/Form_7be52c6a8c9e0d5ac04754e92d1d31c0Test.php" tests="1" assertions="1" failures="1" errors="0" time="3.601920">
      <testcase name="testValidFormSubmission" class="built_tests\Form_7be52c6a8c9e0d5ac04754e92d1d31c0Test" file="/var/www/html/MEINEKE_GENERATE_TEST_CLASSES/built_tests/Form_7be52c6a8c9e0d5ac04754e92d1d31c0Test.php" line="50" assertions="1" time="3.601920">
        <failure type="PHPUnit_Framework_ExpectationFailedException">built_tests\Form_7be52c6a8c9e0d5ac04754e92d1d31c0Test::testValidFormSubmission
Failed asserting that two strings are equal.
--- Expected
+++ Actual
@@ @@
-'Everything is Good!'
+'SIGN IN
+Not Registered?
+
+Find
+SUBMIT
+Locate me
+BOOK NOW
+TODAY
+09/21
+THURSDAY
+09/22
+FRIDAY
+09/23
+SATURDAY
+09/24
+MORE
+
+
+COUPONS
+SERVICES
+LOCATIONS
+(CURRENT)
+REWARDS
+ABOUT
+FRANCHISE OPPORTUNITIES
+CUSTOMER SERVICE
+MEINEKE FEATURED SHOPS
+Featured Meineke Centres
+Since our first location opened in Houston, Texas in 1972, we've opened hundreds of centres across the nation. Join us in celebrating our grand openings, re-openings and more!
+Filter Locations by Province:
+SHOW ALL
+  No store available.
+HAVE QUESTIONS? We Want to Hear Back From You
+SEND FEEDBACK
+LOCATIONS
+COUPONS
+SERVICES
+ABOUT
+Aeroplan
+Rewards
+Fleet Services
+Roadside Assistance
+Meineke Careers
+Meineke International
+Sitemap
+COMMUNITY
+Meineke Blog
+Franchise Opportunities
+A Driven Brands Company
+CONNECT WITH MEINEKE!
+PRIVACY POLICY
+A FAMILY OF DRIVEN BRANDS'

/var/www/html/MEINEKE_GENERATE_TEST_CLASSES/built_tests/Form_7be52c6a8c9e0d5ac04754e92d1d31c0Test.php:55
</failure>
      </testcase>
    </testsuite>
    <testsuite name="built_tests\Form_9687ca0bb48bef602ebc08cb9886f9bcTest" file="/var/www/html/MEINEKE_GENERATE_TEST_CLASSES/built_tests/Form_9687ca0bb48bef602ebc08cb9886f9bcTest.php" tests="1" assertions="1" failures="1" errors="0" time="2.365870">
      <testcase name="testValidFormSubmission" class="built_tests\Form_9687ca0bb48bef602ebc08cb9886f9bcTest" file="/var/www/html/MEINEKE_GENERATE_TEST_CLASSES/built_tests/Form_9687ca0bb48bef602ebc08cb9886f9bcTest.php" line="54" assertions="1" time="2.365870">
        <failure type="PHPUnit_Framework_ExpectationFailedException">built_tests\Form_9687ca0bb48bef602ebc08cb9886f9bcTest::testValidFormSubmission
Failed asserting that two strings are equal.
--- Expected
+++ Actual
@@ @@
-'Everything is Good!'
+'SIGN IN
+Not Registered?
+
+Find
+SUBMIT
+Locate me
+BOOK NOW
+TODAY
+09/21
+THURSDAY
+09/22
+FRIDAY
+09/23
+SATURDAY
+09/24
+MORE
+
+
+COUPONS
+SERVICES
+LOCATIONS
+(CURRENT)
+REWARDS
+ABOUT
+FRANCHISE OPPORTUNITIES
+CUSTOMER SERVICE
+MEINEKE COUPONS AND DEALS
+Coupons &amp; Deals: See Current Auto Repair Discounts - Meineke
+Locate exclusive coupons and offers for a centre near you.
+Locate me
+At Meineke, we believe car care should be affordable. Find a centre near you to learn about exclusive savings.
+Sign up for EXCLUSIVE OFFERS from Meineke!
+  SUBMIT
+LOCATIONS
+COUPONS
+SERVICES
+ABOUT
+Aeroplan
+Rewards
+Fleet Services
+Roadside Assistance
+Meineke Careers
+Meineke International
+Sitemap
+COMMUNITY
+Meineke Blog
+Franchise Opportunities
+A Driven Brands Company
+CONNECT WITH MEINEKE!
+PRIVACY POLICY
+A FAMILY OF DRIVEN BRANDS'

/var/www/html/MEINEKE_GENERATE_TEST_CLASSES/built_tests/Form_9687ca0bb48bef602ebc08cb9886f9bcTest.php:59
</failure>
      </testcase>
    </testsuite>
    <testsuite name="built_tests\Form_98380ed1262d71283a97a3e05bee5668Test" file="/var/www/html/MEINEKE_GENERATE_TEST_CLASSES/built_tests/Form_98380ed1262d71283a97a3e05bee5668Test.php" tests="1" assertions="1" failures="1" errors="0" time="3.953421">
      <testcase name="testValidFormSubmission" class="built_tests\Form_98380ed1262d71283a97a3e05bee5668Test" file="/var/www/html/MEINEKE_GENERATE_TEST_CLASSES/built_tests/Form_98380ed1262d71283a97a3e05bee5668Test.php" line="58" assertions="1" time="3.953421">
        <failure type="PHPUnit_Framework_ExpectationFailedException">built_tests\Form_98380ed1262d71283a97a3e05bee5668Test::testValidFormSubmission
Failed asserting that two strings are equal.
--- Expected
+++ Actual
@@ @@
-'Everything is Good!'
+'SIGN IN
+Not Registered?
+
+Find
+SUBMIT
+Locate me
+BOOK NOW
+TODAY
+09/21
+THURSDAY
+09/22
+FRIDAY
+09/23
+SATURDAY
+09/24
+MORE
+
+
+COUPONS
+SERVICES
+LOCATIONS
+(CURRENT)
+REWARDS
+ABOUT
+FRANCHISE OPPORTUNITIES
+CUSTOMER SERVICE
+Your account is not active.
+RESEND ACTIVATION CODE
+Need an account? Register here
+MEMBER LOGIN
+Log in to Meineke’s Rewards Program to take advantage of our auto care perks!
+Sign in with Facebook
+Sign in to access Meineke Rewards points, Vehicles, Service History, and more.
+Email
+Password
+Minimum of 6 characters
+Forgot password?
+SIGN IN
+LOCATIONS
+COUPONS
+SERVICES
+ABOUT
+Aeroplan
+Rewards
+Fleet Services
+Roadside Assistance
+Meineke Careers
+Meineke International
+Sitemap
+COMMUNITY
+Meineke Blog
+Franchise Opportunities
+A Driven Brands Company
+CONNECT WITH MEINEKE!
+PRIVACY POLICY
+A FAMILY OF DRIVEN BRANDS'

/var/www/html/MEINEKE_GENERATE_TEST_CLASSES/built_tests/Form_98380ed1262d71283a97a3e05bee5668Test.php:63
</failure>
      </testcase>
    </testsuite>
    <testsuite name="built_tests\Form_a73f257eb1c565b4701c539e96968fe7Test" file="/var/www/html/MEINEKE_GENERATE_TEST_CLASSES/built_tests/Form_a73f257eb1c565b4701c539e96968fe7Test.php" tests="1" assertions="1" failures="1" errors="0" time="4.236474">
      <testcase name="testValidFormSubmission" class="built_tests\Form_a73f257eb1c565b4701c539e96968fe7Test" file="/var/www/html/MEINEKE_GENERATE_TEST_CLASSES/built_tests/Form_a73f257eb1c565b4701c539e96968fe7Test.php" line="50" assertions="1" time="4.236474">
        <failure type="PHPUnit_Framework_ExpectationFailedException">built_tests\Form_a73f257eb1c565b4701c539e96968fe7Test::testValidFormSubmission
Failed asserting that two strings are equal.
--- Expected
+++ Actual
@@ @@
-'Everything is Good!'
+'SIGN IN
+Not Registered?
+
+Find
+SUBMIT
+Locate me
+BOOK NOW
+TODAY
+09/21
+THURSDAY
+09/22
+FRIDAY
+09/23
+SATURDAY
+09/24
+MORE
+
+
+COUPONS
+SERVICES
+LOCATIONS
+(CURRENT)
+REWARDS
+ABOUT
+FRANCHISE OPPORTUNITIES
+CUSTOMER SERVICE
+MEINEKE SEARCH
+Locate me
+Locate your nearest Meineke by using the Store Locator
+Meineke Locations by Province
+Sorry, we couldn't find any locations
+Canada Meineke Locations
+Alberta
+Manitoba
+Newfoundland and Labrador
+Ontario
+Map data ©2016 Google, INEGI
+Terms of Use
+Report a map error
+Map
+Satellite
+LOCATIONS
+COUPONS
+SERVICES
+ABOUT
+Aeroplan
+Rewards
+Fleet Services
+Roadside Assistance
+Meineke Careers
+Meineke International
+Sitemap
+COMMUNITY
+Meineke Blog
+Franchise Opportunities
+A Driven Brands Company
+CONNECT WITH MEINEKE!
+PRIVACY POLICY
+A FAMILY OF DRIVEN BRANDS'

/var/www/html/MEINEKE_GENERATE_TEST_CLASSES/built_tests/Form_a73f257eb1c565b4701c539e96968fe7Test.php:55
</failure>
      </testcase>
    </testsuite>
    <testsuite name="built_tests\Form_ae1bc0b85c935e8cbf931e25753df5e5Test" file="/var/www/html/MEINEKE_GENERATE_TEST_CLASSES/built_tests/Form_ae1bc0b85c935e8cbf931e25753df5e5Test.php" tests="1" assertions="1" failures="1" errors="0" time="2.578290">
      <testcase name="testValidFormSubmission" class="built_tests\Form_ae1bc0b85c935e8cbf931e25753df5e5Test" file="/var/www/html/MEINEKE_GENERATE_TEST_CLASSES/built_tests/Form_ae1bc0b85c935e8cbf931e25753df5e5Test.php" line="50" assertions="1" time="2.578290">
        <failure type="PHPUnit_Framework_ExpectationFailedException">built_tests\Form_ae1bc0b85c935e8cbf931e25753df5e5Test::testValidFormSubmission
Failed asserting that two strings are equal.
--- Expected
+++ Actual
@@ @@
-'Everything is Good!'
+'SIGN IN
+Not Registered?
+
+Find
+SUBMIT
+Locate me
+BOOK NOW
+TODAY
+09/21
+THURSDAY
+09/22
+FRIDAY
+09/23
+SATURDAY
+09/24
+MORE
+
+
+COUPONS
+SERVICES
+LOCATIONS
+(CURRENT)
+REWARDS
+ABOUT
+FRANCHISE OPPORTUNITIES
+CUSTOMER SERVICE
+MEINEKE COMING SOON
+New Locations Coming Soon
+We’re opening many more shops across the nation and around the world, check out the locations opening soon and get notified when they do!
+Filter Locations by Province:
+SHOW ALL
+  ONTARIO
+Meineke Hamilton
+970 Barton Street East
+Hamilton, ON L8L 3C7
+See Shop Page
+CHECK BACK REGULARLY FOR SHOPS OPENING SOON NEAR YOU!
+Locate a Shop
+SUBMIT
+Locate me
+HAVE QUESTIONS? We Want to Hear Back From You
+SEND FEEDBACK
+LOCATIONS
+COUPONS
+SERVICES
+ABOUT
+Aeroplan
+Rewards
+Fleet Services
+Roadside Assistance
+Meineke Careers
+Meineke International
+Sitemap
+COMMUNITY
+Meineke Blog
+Franchise Opportunities
+A Driven Brands Company
+CONNECT WITH MEINEKE!
+PRIVACY POLICY
+A FAMILY OF DRIVEN BRANDS'

/var/www/html/MEINEKE_GENERATE_TEST_CLASSES/built_tests/Form_ae1bc0b85c935e8cbf931e25753df5e5Test.php:55
</failure>
      </testcase>
    </testsuite>
    <testsuite name="built_tests\Form_cdc6b8d6950e3a02b1ddab69cd6dea12Test" file="/var/www/html/MEINEKE_GENERATE_TEST_CLASSES/built_tests/Form_cdc6b8d6950e3a02b1ddab69cd6dea12Test.php" tests="1" assertions="0" failures="0" errors="1" time="9.944718">
      <testcase name="testValidFormSubmission" class="built_tests\Form_cdc6b8d6950e3a02b1ddab69cd6dea12Test" file="/var/www/html/MEINEKE_GENERATE_TEST_CLASSES/built_tests/Form_cdc6b8d6950e3a02b1ddab69cd6dea12Test.php" line="54" assertions="0" time="9.944718">
        <error type="PHPUnit_Framework_ExceptionWrapper">built_tests\Form_cdc6b8d6950e3a02b1ddab69cd6dea12Test::testValidFormSubmission
Facebook\WebDriver\Exception\UnknownServerException: unknown error: Runtime.evaluate threw exception: SyntaxError: Unexpected token -
  (Session info: chrome=53.0.2785.116)
  (Driver info: chromedriver=2.23.409687 (c46e862757edc04c06b1bd88724d15a5807b84d1),platform=Linux 4.2.0-42-generic x86_64) (WARNING: The server did not provide any stacktrace information)
Command duration or timeout: 9 milliseconds
Build info: version: '3.0.0-beta3', revision: 'c7b525d', time: '2016-09-01 14:57:03 -0700'
System info: host: 'ovidiu-dev-pc', ip: '127.0.1.1', os.name: 'Linux', os.arch: 'amd64', os.version: '4.2.0-42-generic', java.version: '1.8.0_91'
Driver info: org.openqa.selenium.chrome.ChromeDriver
Capabilities [{applicationCacheEnabled=false, rotatable=false, mobileEmulationEnabled=false, networkConnectionEnabled=false, chrome={chromedriverVersion=2.23.409687 (c46e862757edc04c06b1bd88724d15a5807b84d1), userDataDir=/tmp/.org.chromium.Chromium.TiS7rx}, takesHeapSnapshot=true, databaseEnabled=false, handlesAlerts=true, hasTouchScreen=false, version=53.0.2785.116, platform=LINUX, browserConnectionEnabled=false, nativeEvents=true, acceptSslCerts=true, locationContextEnabled=true, webStorageEnabled=true, browserName=chrome, takesScreenshot=true, javascriptEnabled=true, cssSelectorsEnabled=true}]
Session ID: 3d6487c5f1c00aef12838790a865b120

/var/www/html/MEINEKE_GENERATE_TEST_CLASSES/vendor/facebook/webdriver/lib/Exception/WebDriverException.php:121
/var/www/html/MEINEKE_GENERATE_TEST_CLASSES/vendor/facebook/webdriver/lib/Remote/HttpCommandExecutor.php:353
/var/www/html/MEINEKE_GENERATE_TEST_CLASSES/vendor/facebook/webdriver/lib/Remote/RemoteWebDriver.php:547
/var/www/html/MEINEKE_GENERATE_TEST_CLASSES/vendor/facebook/webdriver/lib/Remote/RemoteWebDriver.php:302
/var/www/html/MEINEKE_GENERATE_TEST_CLASSES/built_tests/Form_cdc6b8d6950e3a02b1ddab69cd6dea12Test.php:48
/var/www/html/MEINEKE_GENERATE_TEST_CLASSES/built_tests/Form_cdc6b8d6950e3a02b1ddab69cd6dea12Test.php:56
</error>
      </testcase>
    </testsuite>
    <testsuite name="built_tests\Form_fa0b7c417ef7e539f2632fde10fc67bdTest" file="/var/www/html/MEINEKE_GENERATE_TEST_CLASSES/built_tests/Form_fa0b7c417ef7e539f2632fde10fc67bdTest.php" tests="1" assertions="1" failures="1" errors="0" time="3.986605">
      <testcase name="testValidFormSubmission" class="built_tests\Form_fa0b7c417ef7e539f2632fde10fc67bdTest" file="/var/www/html/MEINEKE_GENERATE_TEST_CLASSES/built_tests/Form_fa0b7c417ef7e539f2632fde10fc67bdTest.php" line="50" assertions="1" time="3.986605">
        <failure type="PHPUnit_Framework_ExpectationFailedException">built_tests\Form_fa0b7c417ef7e539f2632fde10fc67bdTest::testValidFormSubmission
Failed asserting that two strings are equal.
--- Expected
+++ Actual
@@ @@
-'Everything is Good!'
+'SIGN IN
+Not Registered?
+
+Find
+SUBMIT
+Locate me
+BOOK NOW
+TODAY
+09/21
+THURSDAY
+09/22
+FRIDAY
+09/23
+SATURDAY
+09/24
+MORE
+
+
+COUPONS
+SERVICES
+LOCATIONS
+(CURRENT)
+REWARDS
+ABOUT
+FRANCHISE OPPORTUNITIES
+CUSTOMER SERVICE
+Already have an account? Sign in here
+NEW MEMBER SIGN UP
+Sign up for Meineke’s Rewards Program to take advantage of our auto care perks!
+Keep track of valuable rewards points
+Redeem points for free maintenance services
+View and keep track of your vehicle’s service history
+Save and access your favorite Meineke shop
+Sign Up with Facebook
+OR
+Simply fill in your information below to create an account.
+
+We couldn’t find anything matching that phone number or ID.
+Previous visit? Click Here
+Please email me exclusive Meineke offers and promotions.
+I agree to the terms and conditions of services provided by Meineke
+CREATE ACCOUNT
+LOCATIONS
+COUPONS
+SERVICES
+ABOUT
+Aeroplan
+Rewards
+Fleet Services
+Roadside Assistance
+Meineke Careers
+Meineke International
+Sitemap
+COMMUNITY
+Meineke Blog
+Franchise Opportunities
+A Driven Brands Company
+CONNECT WITH MEINEKE!
+PRIVACY POLICY
+A FAMILY OF DRIVEN BRANDS'

/var/www/html/MEINEKE_GENERATE_TEST_CLASSES/built_tests/Form_fa0b7c417ef7e539f2632fde10fc67bdTest.php:55
</failure>
      </testcase>
    </testsuite>
  </testsuite>
</testsuites>
